C51 COMPILER V9.54   BANK3_WORK                                                            04/19/2023 15:54:54 PAGE 1   


C51 COMPILER V9.54, COMPILATION OF MODULE BANK3_WORK
OBJECT MODULE PLACED IN ..\Output\bank3_work.obj
COMPILER INVOKED BY: D:\Keil5\C51\BIN\C51.EXE ..\Bank3\bank3_work.c LARGE OBJECTADVANCED OPTIMIZE(8,SIZE) BROWSE INCDIR(
                    -..\FWLib\SC95F_Lib\inc;..\User;..\Bank1;..\Bank2;..\Bank3) DEFINE(SC95F8x3x) DEBUG PRINT(..\List\bank3_work.lst) OBJECT(
                    -..\Output\bank3_work.obj)

line level    source

   1          //bank3_work.c
   2          
   3          #include "SC_Init.h"    //MCU初始化头文件，包含固件库所有头文件
   4          #include "SC_it.h"
   5          #include "..\Drivers\SCDriver_list.h"
   6          #include "HeadFiles\SysFunVarDefine.h"
   7          
   8          


MODULE INFORMATION:   STATIC OVERLAYABLE
   CODE SIZE        =   ----    ----
   CONSTANT SIZE    =   ----    ----
   XDATA SIZE       =   ----    ----
   PDATA SIZE       =   ----    ----
   DATA SIZE        =   ----    ----
   IDATA SIZE       =   ----    ----
   BIT SIZE         =   ----    ----
   EDATA SIZE       =   ----    ----
   HDATA SIZE       =   ----    ----
   XDATA CONST SIZE =   ----    ----
   FAR CONST SIZE   =   ----    ----
END OF MODULE INFORMATION.


C51 COMPILATION COMPLETE.  0 WARNING(S),  0 ERROR(S)
