C51 COMPILER V9.54   BEEP                                                                  04/19/2023 15:54:54 PAGE 1   


C51 COMPILER V9.54, COMPILATION OF MODULE BEEP
OBJECT MODULE PLACED IN ..\Output\beep.obj
COMPILER INVOKED BY: D:\Keil5\C51\BIN\C51.EXE ..\Bank3\beep.c LARGE OBJECTADVANCED OPTIMIZE(8,SIZE) BROWSE INCDIR(..\FWL
                    -ib\SC95F_Lib\inc;..\User;..\Bank1;..\Bank2;..\Bank3) DEFINE(SC95F8x3x) DEBUG PRINT(..\List\beep.lst) OBJECT(..\Output\be
                    -ep.obj)

line level    source

   1          #include "beep.h"
   2          #include "music.h"
   3          
   4          #define TEA_VOL 30
   5          
   6          void passive_buzzer_set(uint16_t note_f)
   7          {
   8   1                      /*计算自动重装占空比,计算新的频率*/
   9   1                      uint16_t Autoreload=(8000000/(float)C_FREQ[note_f]+1);  
  10   1                      /*计算音量*/    
  11   1                      uint16_t volume=(((float)Autoreload)/100.0)*TEA_VOL;
  12   1              
  13   1                      /*设置新频率*/
  14   1                      PWMPDH = (uint8_t)(Autoreload >> 8);               //周期高8位
  15   1                      PWMPDL = (uint8_t)(Autoreload & 0X00FF);           //周期低8位
  16   1      
  17   1                  /*设置音量 占空比*/
  18   1                      PWM_IndependentModeConfig(PWM03,volume);
  19   1              
  20   1      //              /*情况计算值*/
  21   1      //              __HAL_TIM_SET_COUNTER(&htim4,0);
  22   1      }
  23           
  24          u32 paly_delay_ms=0;
  25          void my_buzzer_play()
  26          {
  27   1              if(paly_delay_ms==0)
  28   1              {
  29   2                      paly_delay_ms=music_t.t_each*music_t.t[music_t.now_len];
  30   2                      passive_buzzer_set(music_t.f[music_t.now_len]);
  31   2                                      
  32   2                      if(music_t.now_len>=(music_t.len-1))
  33   2                      {
  34   3                              music_t.now_len=0;
  35   3                      }else
  36   2                      {
  37   3                              music_t.now_len++;
  38   3                      }
  39   2              }else
  40   1              {
  41   2                      paly_delay_ms--;
  42   2              }
  43   1      }


MODULE INFORMATION:   STATIC OVERLAYABLE
   CODE SIZE        =    275    ----
   CONSTANT SIZE    =   ----    ----
   XDATA SIZE       =      4       2
   PDATA SIZE       =   ----    ----
   DATA SIZE        =   ----    ----
   IDATA SIZE       =   ----    ----
   BIT SIZE         =   ----    ----
C51 COMPILER V9.54   BEEP                                                                  04/19/2023 15:54:54 PAGE 2   

   EDATA SIZE       =   ----    ----
   HDATA SIZE       =   ----    ----
   XDATA CONST SIZE =   ----    ----
   FAR CONST SIZE   =   ----    ----
END OF MODULE INFORMATION.


C51 COMPILATION COMPLETE.  0 WARNING(S),  0 ERROR(S)
