C51 COMPILER V9.54   CALLBACKFUNCTION                                                      04/19/2023 15:54:51 PAGE 1   


C51 COMPILER V9.54, COMPILATION OF MODULE CALLBACKFUNCTION
OBJECT MODULE PLACED IN ..\Output\CallBackFunction.obj
COMPILER INVOKED BY: D:\Keil5\C51\BIN\C51.EXE ..\User\CallBackFunction.c LARGE OBJECTADVANCED OPTIMIZE(8,SIZE) BROWSE IN
                    -CDIR(..\FWLib\SC95F_Lib\inc;..\User;..\Bank1;..\Bank2;..\Bank3) DEFINE(SC95F8x3x) DEBUG PRINT(..\List\CallBackFunction.l
                    -st) OBJECT(..\Output\CallBackFunction.obj)

line level    source

   1          //***************************************************************************************************
   2          //    CopyRight  (c)  
   3          //    File Name   :   CallBackFunction.c
   4          //    Function    :   Write the logic you want to implement in the function body
   5          //    Version     :   V3.0
   6          //    Date        :   2022.07.14
   7          //***************************************************************************************************
   8          #include "SC_Init.h"
   9          #include "SC_it.h"
  10          #include "..\Drivers\SCDriver_list.h"
  11          #include "HeadFiles\SysFunVarDefine.h"
  12          /**************************************Generated by EasyCodeCube*************************************/
  13          
  14          /*************************************.Generated by EasyCodeCube.************************************/


MODULE INFORMATION:   STATIC OVERLAYABLE
   CODE SIZE        =   ----    ----
   CONSTANT SIZE    =   ----    ----
   XDATA SIZE       =   ----    ----
   PDATA SIZE       =   ----    ----
   DATA SIZE        =   ----    ----
   IDATA SIZE       =   ----    ----
   BIT SIZE         =   ----    ----
   EDATA SIZE       =   ----    ----
   HDATA SIZE       =   ----    ----
   XDATA CONST SIZE =   ----    ----
   FAR CONST SIZE   =   ----    ----
END OF MODULE INFORMATION.


C51 COMPILATION COMPLETE.  0 WARNING(S),  0 ERROR(S)
