C51 COMPILER V9.54   DELAY                                                                 04/19/2023 15:54:53 PAGE 1   


C51 COMPILER V9.54, COMPILATION OF MODULE DELAY
OBJECT MODULE PLACED IN ..\Output\Delay.obj
COMPILER INVOKED BY: D:\Keil5\C51\BIN\C51.EXE ..\Bank1\Delay.c LARGE OBJECTADVANCED OPTIMIZE(8,SIZE) BROWSE INCDIR(..\FW
                    -Lib\SC95F_Lib\inc;..\User;..\Bank1;..\Bank2;..\Bank3) DEFINE(SC95F8x3x) DEBUG PRINT(..\List\Delay.lst) OBJECT(..\Output\
                    -Delay.obj)

line level    source

   1          //Delay.c       
   2          #include "Delay.h"
   3          #include "SC_it.h"
   4          
   5          //int16_t ms_cnt = 0;
   6          //uint8_t delay_begin = 0;
   7          
   8          void Delay_ms(int16_t ms)
   9          {
  10   1              ms_cnt = ms;
  11   1              delay_begin = 1;
  12   1              while (delay_begin != 0){}
  13   1      }


MODULE INFORMATION:   STATIC OVERLAYABLE
   CODE SIZE        =     24    ----
   CONSTANT SIZE    =   ----    ----
   XDATA SIZE       =   ----    ----
   PDATA SIZE       =   ----    ----
   DATA SIZE        =   ----    ----
   IDATA SIZE       =   ----    ----
   BIT SIZE         =   ----    ----
   EDATA SIZE       =   ----    ----
   HDATA SIZE       =   ----    ----
   XDATA CONST SIZE =   ----    ----
   FAR CONST SIZE   =   ----    ----
END OF MODULE INFORMATION.


C51 COMPILATION COMPLETE.  0 WARNING(S),  0 ERROR(S)
