C51 COMPILER V9.54   MUSIC                                                                 04/19/2023 15:54:55 PAGE 1   


C51 COMPILER V9.54, COMPILATION OF MODULE MUSIC
OBJECT MODULE PLACED IN ..\Output\music.obj
COMPILER INVOKED BY: D:\Keil5\C51\BIN\C51.EXE ..\Bank3\music.c LARGE OBJECTADVANCED OPTIMIZE(8,SIZE) BROWSE INCDIR(..\FW
                    -Lib\SC95F_Lib\inc;..\User;..\Bank1;..\Bank2;..\Bank3) DEFINE(SC95F8x3x) DEBUG PRINT(..\List\music.lst) OBJECT(..\Output\
                    -music.obj)

line level    source

   1          #include "music.h"
   2          #include "stdlib.h"
   3          
   4          #define P_1 1
   5          #define P_2 2
   6          #define P_4_3 0.75
   7          #define P_4_1 0.25
   8          
   9          uint16_t C_FREQ[]={0,262,294,330,349,392,440,494,523,587,659,698,784,880,988,1046,1175,1318,1397,1568,1760
             -,1976};
  10           
  11          //1/4拍长
  12          u16 music_two_tiger_t_echo=250;
  13           
  14          //长度
  15          u16 music_two_tiger_len=(sizeof(music_two_tiger_f)/sizeof(uint8_t));
*** WARNING C198 IN LINE 15 OF ..\Bank3\music.c: sizeof returns zero
  16           
  17          //拍长
  18          uint8_t music_two_tiger_t[]={
  19                          P_1,P_1,P_1,P_1,
  20                          P_1,P_1,P_1,P_1,
  21                          P_1,P_1,P_2,
  22                          P_1,P_1,P_2,
  23                          P_4_3,P_4_1,P_4_3,P_4_1,P_1,P_1,
  24                          P_4_3,P_4_1,P_4_3,P_4_1,P_1,P_1,
  25                          P_1,P_1,P_2,
  26                          P_1,P_1,P_2,
  27          };
  28          
  29          //频率
  30          uint8_t music_two_tiger_f[]={
  31                          1,2,3,1,
  32                          1,2,3,1,
  33                          3,4,5,
  34                          3,4,5,
  35                          5,6,5,6,3,1,
  36                          5,6,5,4,3,1,
  37                          1,5,1,
  38                          1,5,1,
  39          };
  40          
  41          u8 B0[]="STOP";
  42          u8 B1[]="two tigers";
  43          
  44          struct MUSIC_T music_t;
  45          
  46          void music_set(u8 n)
  47          {
  48   1              switch(n){
  49   2                      case 0:{
  50   3                                              music_t.f=NULL;
  51   3                                              music_t.t=NULL;
C51 COMPILER V9.54   MUSIC                                                                 04/19/2023 15:54:55 PAGE 2   

  52   3                                              music_t.len=0;
  53   3                                              music_t.t_each=0;
  54   3                                              music_t.name=B0;
  55   3                                              };break;
  56   2                      case 1:{
  57   3                                              music_t.f=music_two_tiger_f;
  58   3                                              music_t.t=music_two_tiger_t;
  59   3                                              music_t.len=music_two_tiger_len;
  60   3                                              music_t.t_each=music_two_tiger_t_echo;
  61   3                                              music_t.name=B1;
  62   3                                              }; break;
  63   2              }
  64   1      }
  65          


MODULE INFORMATION:   STATIC OVERLAYABLE
   CODE SIZE        =    111    ----
   CONSTANT SIZE    =   ----    ----
   XDATA SIZE       =    142    ----
   PDATA SIZE       =   ----    ----
   DATA SIZE        =   ----    ----
   IDATA SIZE       =   ----    ----
   BIT SIZE         =   ----    ----
   EDATA SIZE       =   ----    ----
   HDATA SIZE       =   ----    ----
   XDATA CONST SIZE =   ----    ----
   FAR CONST SIZE   =   ----    ----
END OF MODULE INFORMATION.


C51 COMPILATION COMPLETE.  1 WARNING(S),  0 ERROR(S)
