C51 COMPILER V9.54   SC95F_TIMER0                                                          04/19/2023 15:54:52 PAGE 1   


C51 COMPILER V9.54, COMPILATION OF MODULE SC95F_TIMER0
OBJECT MODULE PLACED IN ..\Output\sc95f_timer0.obj
COMPILER INVOKED BY: D:\Keil5\C51\BIN\C51.EXE ..\FWLib\SC95F_Lib\src\sc95f_timer0.c LARGE OBJECTADVANCED OPTIMIZE(8,SIZE
                    -) BROWSE INCDIR(..\FWLib\SC95F_Lib\inc;..\User;..\Bank1;..\Bank2;..\Bank3) DEFINE(SC95F8x3x) DEBUG PRINT(..\List\sc95f_t
                    -imer0.lst) OBJECT(..\Output\sc95f_timer0.obj)

line level    source

   1          //************************************************************
   2          //  Copyright (c) 
   3          //      文件名称:                       sc95f_timer0.c
   4          //      作者:                                   赛元应用团队
   5          //      模块功能:                       TIMER0固件库函数C文件
   6          //  最后更正日期:       2022年7月20日
   7          //      版本:                           V1.10001
   8          //  说明: 
   9          //*************************************************************
  10          
  11          #include "sc95f_timer0.h"
  12          
  13          /**************************************************
  14          *函数名称:void TIM0_DeInit(void)
  15          *函数功能:TIMER0相关寄存器复位至缺省值
  16          *入口参数:void
  17          *出口参数:void
  18          **************************************************/
  19          void TIM0_DeInit(void)
  20          {
  21   1        TMOD &= 0XF0;
  22   1        TCON &= 0XCD;
  23   1        TMCON &= 0XFE;
  24   1        TH0 = 0X00;
  25   1        TL0 = 0X00;
  26   1        ET0 = 0;
  27   1        IPT0 = 0;
  28   1      }
  29          
  30          /**************************************************
  31          *函数名称:void TIM0_TimeBaseInit(TIM0_PresSel_TypeDef TIM0_PrescalerSelection, TIM0_CountMode_TypeDef TIM0
             -_CountMode)
  32          *函数功能:TIMER0基本设置配置函数
  33          *入口参数:
  34          TIM0_PresSel_TypeDef:TIM0_PrescalerSelection:预分频选择
  35          TIM0_CountMode_TypeDef:TIM0_CountMode:计数/定时模式选择
  36          *出口参数:void
  37          **************************************************/
  38          void TIM0_TimeBaseInit(TIM0_PresSel_TypeDef TIM0_PrescalerSelection,
  39                                 TIM0_CountMode_TypeDef TIM0_CountMode)
  40          {
  41   1        if (TIM0_PrescalerSelection == TIM0_PRESSEL_FSYS_D12)
  42   1        {
  43   2          TMCON &= 0XFE;
  44   2        }
  45   1        else if (TIM0_PrescalerSelection == TIM0_PRESSEL_FSYS_D1)
  46   1        {
  47   2          TMCON |= 0X01;
  48   2        }
  49   1      
  50   1        /************************************************************/
  51   1        if (TIM0_CountMode == TIM0_MODE_TIMER)
  52   1        {
C51 COMPILER V9.54   SC95F_TIMER0                                                          04/19/2023 15:54:52 PAGE 2   

  53   2          TMOD &= 0xFB;
  54   2        }
  55   1        else if (TIM0_CountMode == TIM0_MODE_COUNTER)
  56   1        {
  57   2          TMOD |= 0x04;
  58   2        }
  59   1      }
  60          
  61          /**************************************************
  62          *函数名称:void TIM0_WorkMode0Config(uint16_t TIM0_SetCounter)
  63          *函数功能:TIMER0工作模式0配置函数
  64          *入口参数:
  65          uint16_t:TIM0_SetCounter:配置计数初值
  66          *出口参数:void
  67          **************************************************/
  68          void TIM0_WorkMode0Config(uint16_t TIM0_SetCounter)
  69          {
  70   1        TMOD &= 0XFC;
  71   1        TL0 = (uint8_t)TIM0_SetCounter;
  72   1        TH0 = (TIM0_SetCounter >> 5);
  73   1      }
  74          
  75          /**************************************************
  76          *函数名称:void TIM0_WorkMode1Config(uint16_t TIM0_SetCounter)
  77          *函数功能:TIMER0工作模式1配置函数
  78          *入口参数:
  79          uint16_t:TIM0_SetCounter:配置计数初值
  80          *出口参数:void
  81          **************************************************/
  82          void TIM0_WorkMode1Config(uint16_t TIM0_SetCounter)
  83          {
  84   1        TMOD &= 0XFC;
  85   1        TMOD |= 0X01;
  86   1        TL0 = TIM0_SetCounter % 256;
  87   1        TH0 = TIM0_SetCounter / 256;
  88   1      }
  89          
  90          /**************************************************
  91          *函数名称:void TIM0_WorkMode2Config(uint8_t TIM0_SetCounter)
  92          *函数功能:TIMER0工作模式2配置函数
  93          *入口参数:
  94          uint8_t:TIM0_SetCounter:配置计数初值
  95          *出口参数:void
  96          **************************************************/
  97          void TIM0_WorkMode2Config(uint8_t TIM0_SetCounter)
  98          {
  99   1        TMOD &= 0XFC;
 100   1        TMOD |= 0X02;
 101   1        TL0 = TIM0_SetCounter;
 102   1        TH0 = TIM0_SetCounter;
 103   1      }
 104          
 105          /**************************************************
 106          *函数名称:void TIM0_WorkModeConfig(TIM0_WorkMode_TypeDef TIM0_WorkMode, uint16_t TIM0_SetCounter1, uint16_
             -t TIM0_SetCounter2)
 107          *函数功能:TIMER0工作模式配置函数
 108          *入口参数:
 109          TIM0_WorkMode:TypeDef TIM0_WorkMode:TIMER0工作模式选择
 110          uint16_t:TIM0_SetCounter1:TIMER0计数初值配置1
 111          uint16_t:TIM0_SetCounter2:TIMER0计数初值配置2
 112          *出口参数:void
 113          **************************************************/
C51 COMPILER V9.54   SC95F_TIMER0                                                          04/19/2023 15:54:52 PAGE 3   

 114          void TIM0_WorkModeConfig(TIM0_WorkMode_TypeDef TIM0_WorkMode, uint16_t TIM0_SetCounter1,
 115                                   uint16_t TIM0_SetCounter2)
 116          {
 117   1        switch (TIM0_WorkMode)
 118   1        {
 119   2        case TIM0_WORK_MODE0:
 120   2          TIM0_WorkMode0Config(TIM0_SetCounter1);
 121   2          break;
 122   2      
 123   2        case TIM0_WORK_MODE1:
 124   2          TIM0_WorkMode1Config(TIM0_SetCounter1);
 125   2          break;
 126   2      
 127   2        case TIM0_WORK_MODE2:
 128   2          TIM0_WorkMode2Config(TIM0_SetCounter1);
 129   2          break;
 130   2      
 131   2        case TIM0_WORK_MODE3:
 132   2          TIM0_WorkMode3Config(TIM0_SetCounter1, TIM0_SetCounter2);
 133   2          break;
 134   2      
 135   2        default:
 136   2          break;
 137   2        }
 138   1      }
 139          
 140          /**************************************************
 141          *函数名称:void TIM0_WorkMode3Config(uint8_t TIM0_SetCounter, uint8_t TIM1_SetCounter)
 142          *函数功能:TIMER0工作模式3配置函数
 143          *入口参数:
 144          uint8_t:TIM0_SetCounter:配置TIMER0_TL0计数初值
 145          uint8_t:TIM1_SetCounter:配置TIMER0_TH0计数初值
 146          *出口参数:void
 147          **************************************************/
 148          void TIM0_WorkMode3Config(uint8_t TIM0_SetCounter, uint8_t TIM1_SetCounter)
 149          {
 150   1        TMOD |= 0X03;
 151   1        TL0 = TIM0_SetCounter;
 152   1        TH0 = TIM1_SetCounter;
 153   1      }
 154          
 155          /**************************************************
 156          *函数名称:void TIM0_Mode0SetReloadCounter(uint16_t TIM0_SetCounter)
 157          *函数功能:TIMER0工作模式0初值重载函数
 158          *入口参数:
 159          uint16_t:TIM0_SetCounter:配置TIMER0重载值
 160          *出口参数:void
 161          **************************************************/
 162          void TIM0_Mode0SetReloadCounter(uint16_t TIM0_SetCounter)
 163          {
 164   1        TL0 = (uint8_t)TIM0_SetCounter;
 165   1        TH0 = (TIM0_SetCounter >> 5);
 166   1      }
 167          
 168          /**************************************************
 169          *函数名称:void TIM0_Mode1SetReloadCounter(uint16_t TIM0_SetCounter)
 170          *函数功能:TIMER0工作模式1初值重载函数
 171          *入口参数:
 172          uint16_t:TIM0_SetCounter:配置TIMER0重载值
 173          *出口参数:void
 174          **************************************************/
 175          void TIM0_Mode1SetReloadCounter(uint16_t TIM0_SetCounter)
C51 COMPILER V9.54   SC95F_TIMER0                                                          04/19/2023 15:54:52 PAGE 4   

 176          {
 177   1        TL0 = TIM0_SetCounter % 256;
 178   1        TH0 = TIM0_SetCounter / 256;
 179   1      }
 180          
 181          /*****************************************************
 182          *函数名称:void TIM0_Cmd(FunctionalState NewState)
 183          *函数功能:TIMER0功能开关函数
 184          *入口参数:
 185          FunctionalState:NewState:功能启动/关闭选择
 186          *出口参数:void
 187          *****************************************************/
 188          void TIM0_Cmd(FunctionalState NewState)
 189          {
 190   1        if (NewState == DISABLE)
 191   1        {
 192   2          TR0 = 0;
 193   2        }
 194   1        else
 195   1        {
 196   2          TR0 = 1;
 197   2        }
 198   1      }
 199          
 200          /**************************************************
 201          *函数名称:void TIM0_SetTL0Counter(uint8_t TIM0_SetCounter)
 202          *函数功能:TIMER0 TL0赋值函数
 203          *入口参数:
 204          uint8_t:TIM0_SetCounter:配置TL0
 205          *出口参数:void
 206          **************************************************/
 207          void TIM0_SetTL0Counter(uint8_t TIM0_SetCounter)
 208          {
 209   1        TL0 = TIM0_SetCounter;
 210   1      }
 211          
 212          /**************************************************
 213          *函数名称:void TIM0_SetTH0Counter(uint8_t TIM0_SetCounter)
 214          *函数功能:TIMER0 TH0赋值函数
 215          *入口参数:
 216          uint8_t:TIM0_SetCounter:配置TH0
 217          *出口参数:void
 218          **************************************************/
 219          void TIM0_SetTH0Counter(uint8_t TIM0_SetCounter)
 220          {
 221   1        TH0 = TIM0_SetCounter;
 222   1      }
 223          
 224          /*****************************************************
 225          *函数名称:void TIM0_ITConfig(FunctionalState NewState, PriorityStatus Priority)
 226          *函数功能:TIMER0中断初始化
 227          *入口参数:
 228          FunctionalState:NewState:中断使能/关闭选择
 229          PriorityStatus:Priority:中断优先级选择
 230          *出口参数:void
 231          *****************************************************/
 232          void TIM0_ITConfig(FunctionalState NewState, PriorityStatus Priority)
 233          {
 234   1        if (NewState == DISABLE)
 235   1        {
 236   2          ET0 = 0;
 237   2        }
C51 COMPILER V9.54   SC95F_TIMER0                                                          04/19/2023 15:54:52 PAGE 5   

 238   1        else
 239   1        {
 240   2          ET0 = 1;
 241   2        }
 242   1      
 243   1        /************************************************************/
 244   1        if (Priority == LOW)
 245   1        {
 246   2          IPT0 = 0;
 247   2        }
 248   1        else
 249   1        {
 250   2          IPT0 = 1;
 251   2        }
 252   1      }
 253          
 254          
 255          /******************* (C) COPYRIGHT 2020 SinOne Microelectronics *****END OF FILE****/


MODULE INFORMATION:   STATIC OVERLAYABLE
   CODE SIZE        =    265    ----
   CONSTANT SIZE    =   ----    ----
   XDATA SIZE       =   ----       2
   PDATA SIZE       =   ----    ----
   DATA SIZE        =   ----    ----
   IDATA SIZE       =   ----    ----
   BIT SIZE         =   ----    ----
   EDATA SIZE       =   ----    ----
   HDATA SIZE       =   ----    ----
   XDATA CONST SIZE =   ----    ----
   FAR CONST SIZE   =   ----    ----
END OF MODULE INFORMATION.


C51 COMPILATION COMPLETE.  0 WARNING(S),  0 ERROR(S)
