C51 COMPILER V9.00   BANK1_WORK                                                            07/01/2021 08:32:28 PAGE 1   


C51 COMPILER V9.00, COMPILATION OF MODULE BANK1_WORK
OBJECT MODULE PLACED IN ..\Output\bank1_work.obj
COMPILER INVOKED BY: D:\Program Files (x86)\keil\C51\BIN\C51.EXE ..\Bank1\bank1_work.c LARGE OMF2 BROWSE INCDIR(..\FWLib
                    -\SC95F_Lib\inc;..\User) DEFINE(SC95F8x2x) DEBUG PRINT(..\List\bank1_work.lst) OBJECT(..\Output\bank1_work.obj)

line level    source

   1          //ban1_work.c
   2          
   3          #include "SC_Init.h"    //MCU初始化头文件，包含固件库所有头文件
   4          #include "SC_it.h"
   5          #include "..\Drivers\SCDriver_list.h"
   6          #include "HeadFiles\SysFunVarDefine.h"
   7          
   8          


MODULE INFORMATION:   STATIC OVERLAYABLE
   CODE SIZE        =   ----    ----
   CONSTANT SIZE    =   ----    ----
   XDATA SIZE       =   ----    ----
   PDATA SIZE       =   ----    ----
   DATA SIZE        =   ----    ----
   IDATA SIZE       =   ----    ----
   BIT SIZE         =   ----    ----
   EDATA SIZE       =   ----    ----
   HDATA SIZE       =   ----    ----
   XDATA CONST SIZE =   ----    ----
   FAR CONST SIZE   =   ----    ----
END OF MODULE INFORMATION.


C51 COMPILATION COMPLETE.  0 WARNING(S),  0 ERROR(S)
