C51 COMPILER V9.00   MAIN                                                                  07/01/2021 08:32:26 PAGE 1   


C51 COMPILER V9.00, COMPILATION OF MODULE MAIN
OBJECT MODULE PLACED IN ..\Output\main.obj
COMPILER INVOKED BY: D:\Program Files (x86)\keil\C51\BIN\C51.EXE ..\User\main.c LARGE OMF2 BROWSE INCDIR(..\FWLib\SC95F_
                    -Lib\inc;..\User) DEFINE(SC95F8x2x) DEBUG PRINT(..\List\main.lst) OBJECT(..\Output\main.obj)

line level    source

   1          //************************************************************
   2          //  Copyright (c) 深圳市赛元微电子有限公司
   3          //      文件名称        : main.c
   4          //      模块功能        : 主函数
   5          //  说明        : 包含MCU初始化函数及其头文件
   6          //************************************************************
   7          /********************Includes************************************************************************/
   8          #include "SC_Init.h"    //MCU初始化头文件，包含固件库所有头文件
   9          #include "SC_it.h"
  10          #include "..\Drivers\SCDriver_list.h"
  11          #include "HeadFiles\SysFunVarDefine.h"
  12          /*<define>*//*<UserCodeStart>*/
  13          /*<UserCodeEnd>*/
  14          
  15          /*********<GlobalVariables>**************************************************************************/                  
  16          /*********<GlobalVariablesAnnounceBegin>**************************************/
  17          /*********<GlobalVariablesAnnounceEnd>****************************************/
  18          
  19          /*********<GlobalFunctions>**************************************************************************/                  
  20          /*********<GlobalFunctionsAnnounceBegin>**************************************/
  21          /*********<GlobalFunctionsAnnounceEnd>****************************************/
  22                                  
  23          /****************Pragma directive********************************************************************/
  24          
  25          /*********<GlobalVariables>**************************************************************************/                  
  26          /*********<GlobalVariablesDefineBegin>**************************************/
  27          /*********<GlobalVariablesDefineEnd>****************************************/
  28          
  29          
  30          /*********<GlobalFunctions>**************************************************************************/                  
  31          /*********<GlobalFunctionsDefineBegin>**************************************/
  32          /*********<GlobalFunctionsDefineEnd>****************************************/
  33          /*********<GlobalFunctionsRealizeBegin>**************************************/
  34          /*********<GlobalFunctionsRealizeEnd>****************************************/
  35          
  36          
  37          
  38          /*****************************************************************************************************
  39          * Function Name: main
  40          * Description  : This function implements main function.
  41          * Arguments    : None
  42          * Return Value : None
  43          ******************************************************************************************************/
  44          void main(void)
  45          {       
  46   1                      /*<UserCodeStart>*/
  47   1      
  48   1                      /*<UserCodeEnd>*/
  49   1                      /*** MCU初始化函数 ***/
  50   1                      SC_Init();
  51   1                      
  52   1      
  53   1      }
  54          
C51 COMPILER V9.00   MAIN                                                                  07/01/2021 08:32:26 PAGE 2   

  55          


MODULE INFORMATION:   STATIC OVERLAYABLE
   CODE SIZE        =      3    ----
   CONSTANT SIZE    =   ----    ----
   XDATA SIZE       =   ----    ----
   PDATA SIZE       =   ----    ----
   DATA SIZE        =   ----    ----
   IDATA SIZE       =   ----    ----
   BIT SIZE         =   ----    ----
   EDATA SIZE       =   ----    ----
   HDATA SIZE       =   ----    ----
   XDATA CONST SIZE =   ----    ----
   FAR CONST SIZE   =   ----    ----
END OF MODULE INFORMATION.


C51 COMPILATION COMPLETE.  0 WARNING(S),  0 ERROR(S)
