C51 COMPILER V9.01   SC95F_PWR                                                             09/11/2020 09:24:25 PAGE 1   


C51 COMPILER V9.01, COMPILATION OF MODULE SC95F_PWR
OBJECT MODULE PLACED IN ..\Output\sc95f_pwr.obj
COMPILER INVOKED BY: E:\Keil\C51\BIN\C51.EXE ..\FWLib\SC95F_Lib\src\sc95f_pwr.c OMF2 BROWSE INCDIR(..\FWLib\SC95F_Lib\in
                    -c;..\User) DEFINE(SC95F8x2x) DEBUG PRINT(..\List\sc95f_pwr.lst) OBJECT(..\Output\sc95f_pwr.obj)

line level    source

   1          //************************************************************
   2          //  Copyright (c) 深圳市赛元微电子有限公司
   3          //      文件名称        : sc95f_pwr.c
   4          //      作者            : 
   5          //      模块功能        : PWR固件库函数C文件
   6          //      局部函数列表:
   7          //  最后更正日期: 2020/8/13
   8          //      版本            : V1.0 
   9          //  说明        ：该文件仅适用于SC95Fxx1x、SC95Fxx2x系列芯片  
  10          //*************************************************************
  11          #include "sc95f_pwr.h"
  12          
  13          /**************************************************
  14          *函数名称：void PWR_DeInit(void)
  15          *函数功能：PWR相关寄存器复位至缺省值
  16          *入口参数：void
  17          *出口参数：void
  18          **************************************************/
  19          void PWR_DeInit(void)
  20          {
  21   1              PCON &= 0XFC;
  22   1      }
  23          
  24          /**************************************************
  25          *函数名称：void PWR_EnterSTOPMode(void)
  26          *函数功能：MCU进入STOP模式
  27          *入口参数：void
  28          *出口参数：void
  29          **************************************************/
  30          void PWR_EnterSTOPMode(void)
  31          {
  32   1              PCON |= 0X02;                   //进入Stop
  33   1              _nop_();
  34   1              _nop_();
  35   1              _nop_();
  36   1              _nop_();
  37   1              _nop_();
  38   1              _nop_();
  39   1              _nop_();
  40   1              _nop_();                
  41   1      }
  42          /**************************************************
  43          *函数名称：void PWR_EnterIDLEMode(void)
  44          *函数功能：MCU进入IDLE模式
  45          *入口参数：void
  46          *出口参数：void
  47          **************************************************/
  48          void PWR_EnterIDLEMode(void)
  49          {
  50   1              PCON |= 0X01;
  51   1              _nop_();
  52   1              _nop_();
  53   1              _nop_();
  54   1              _nop_();
C51 COMPILER V9.01   SC95F_PWR                                                             09/11/2020 09:24:25 PAGE 2   

  55   1              _nop_();
  56   1              _nop_();
  57   1              _nop_();
  58   1              _nop_();                
  59   1      }
  60          /******************* (C) COPYRIGHT 2020 SinOne Microelectronics *****END OF FILE****/


MODULE INFORMATION:   STATIC OVERLAYABLE
   CODE SIZE        =     28    ----
   CONSTANT SIZE    =   ----    ----
   XDATA SIZE       =   ----    ----
   PDATA SIZE       =   ----    ----
   DATA SIZE        =   ----    ----
   IDATA SIZE       =   ----    ----
   BIT SIZE         =   ----    ----
   EDATA SIZE       =   ----    ----
   HDATA SIZE       =   ----    ----
   XDATA CONST SIZE =   ----    ----
   FAR CONST SIZE   =   ----    ----
END OF MODULE INFORMATION.


C51 COMPILATION COMPLETE.  0 WARNING(S),  0 ERROR(S)
