C51 COMPILER V9.01   SC95F_UART0                                                           09/07/2020 16:59:34 PAGE 1   


C51 COMPILER V9.01, COMPILATION OF MODULE SC95F_UART0
OBJECT MODULE PLACED IN ..\Output\sc95f_uart0.obj
COMPILER INVOKED BY: E:\Keil\C51\BIN\C51.EXE ..\FWLib\SC95F_Lib\src\sc95f_uart0.c OMF2 BROWSE INCDIR(..\FWLib\SC95F_Lib\
                    -inc;..\User) DEFINE(SC95F8x2x) DEBUG PRINT(..\List\sc95f_uart0.lst) OBJECT(..\Output\sc95f_uart0.obj)

line level    source

   1          //************************************************************
   2          //  Copyright (c) 深圳市赛元微电子有限公司
   3          //      文件名称        : sc95f_uart0.c
   4          //      作者            : 
   5          //      模块功能        : UART0固件库函数C文件
   6          //      局部函数列表:
   7          //  最后更正日期: 2020/8/13
   8          //      版本            : V1.0 
   9          //  说明        ：该文件仅适用于SC95Fxx1x、SC95Fxx2x系列芯片  
  10          //*************************************************************
  11          
  12          #include "sc95f_uart0.h"
  13          
  14          /**************************************************
  15          *函数名称：void UART0_DeInit(void)
  16          *函数功能：UART0相关寄存器复位至缺省值
  17          *入口参数：void
  18          *出口参数：void
  19          **************************************************/
  20          void UART0_DeInit(void)
  21          {
  22   1              SCON = 0X00;
  23   1              SBUF = 0X00;
  24   1              PCON &= 0X7F;
  25   1              IE &= 0XEF;
  26   1              IP &= 0XEF;     
  27   1      }
  28          
  29          /**************************************************
  30          *函数名称：void UART0_Init(uint32_t Uart0Fsys, uint32_t BaudRate, UART0_Mode_Typedef Mode,
  31                                                             UART0_Clock_Typedef ClockMode, UART0_RX_Typedef RxMode)
  32          *函数功能：UART0初始化配置函数
  33          *入口参数：Uart0Fsys    系统时钟频率
  34                             BaudRate             波特率
  35                             Mode                 UART0工作模式
  36                             ClockMode    波特率时钟源（TIMER1/TIMER2）
  37                             RxMode               接收允许选择
  38          *出口参数：void
  39          **************************************************/
  40          void UART0_Init(uint32_t Uart0Fsys, uint32_t BaudRate, UART0_Mode_Typedef Mode,
  41                                     UART0_Clock_Typedef ClockMode, UART0_RX_Typedef RxMode)
  42          {
  43   1              SCON  = SCON & 0X2F | Mode | RxMode;    //设置UART工作模式,设置接收允许位
  44   1              
  45   1              if(Mode == UART0_Mode_8B)
  46   1              {
  47   2                      if(BaudRate == UART0_BaudRate_FsysDIV12)
  48   2                      {
  49   3                              SCON &= 0XDF;           
  50   3                      }
  51   2                      else if(BaudRate == UART0_BaudRate_FsysDIV4)
  52   2                      {
  53   3                              SCON |= 0X20;           
  54   3                      }
C51 COMPILER V9.01   SC95F_UART0                                                           09/07/2020 16:59:34 PAGE 2   

  55   2              }
  56   1              else
  57   1              {                               
  58   2                      #if defined (SC95F8x2x) || defined (SC95F7x2x)  
  59   2                      TXINX = 0X02;
  60   2                      #endif
  61   2                      TXCON = (TXCON & 0xCF) | ClockMode;             //设置波特率时钟源      
  62   2                      if(ClockMode == UART0_CLOCK_TIMER1)
  63   2                      {
  64   3                              TH1 = (Uart0Fsys / BaudRate) / 256;
  65   3                              TL1 = (Uart0Fsys / BaudRate) % 256;
  66   3                              TR1 = 0;
  67   3                      }
  68   2                      else if(ClockMode == UART0_CLOCK_TIMER2)
  69   2                      {
  70   3                              RCAPXH = (Uart0Fsys / BaudRate) / 256;
  71   3                              RCAPXL = (Uart0Fsys / BaudRate) % 256;
  72   3                              #if defined (SC95F8x2x) || defined (SC95F7x2x)  
  73   3                              TRX = 1;
  74   3                              #endif
  75   3                      }
  76   2              }
  77   1      }
  78          
  79          /*****************************************************
  80          *函数名称：void UART0_SendData8(uint8_t Data)
  81          *函数功能：UART0发送8位数据
  82          *入口参数：uint8_t Data         发送的数据 
  83          *出口参数：void
  84          *****************************************************/
  85          void UART0_SendData8(uint8_t Data)
  86          {
  87   1         SBUF = Data;
  88   1      }
  89          
  90          /**************************************************
  91          *函数名称：uint8_t UART0_ReceiveData8(void)
  92          *函数功能：获得SBUF中的值
  93          *入口参数：void
  94          *出口参数：uint8_t
  95          **************************************************/
  96          uint8_t UART0_ReceiveData8(void)
  97          {
  98   1              return SBUF;
  99   1      }
 100          
 101          /*****************************************************
 102          *函数名称：void UART0_SendData9(uint16_t Data)
 103          *函数功能：UART0发送9位数据
 104          *入口参数：uint16_t Data        发送的数据 
 105          *出口参数：void
 106          *****************************************************/
 107          void UART0_SendData9(uint16_t Data)
 108          {
 109   1              uint8_t Data_9Bit;
 110   1              Data_9Bit = (Data >> 8);
 111   1              if(Data_9Bit)
 112   1              {
 113   2                      SCON |= 0X08;           
 114   2              }
 115   1              else
 116   1              {
C51 COMPILER V9.01   SC95F_UART0                                                           09/07/2020 16:59:34 PAGE 3   

 117   2                      SCON &= 0XF7;
 118   2              }
 119   1              SBUF = (uint8_t)Data;           
 120   1      }
 121          
 122          /**************************************************
 123          *函数名称：uint16_t UART0_ReceiveData9(void)
 124          *函数功能：获得SBUF中的值及第九位的值
 125          *入口参数：void
 126          *出口参数：uint16_t
 127          **************************************************/
 128          uint16_t UART0_ReceiveData9(void)
 129          {
 130   1              uint16_t Data9;
 131   1              Data9 =  SBUF + ((uint16_t)(SCON&0X04)<<6);
 132   1              SCON &= 0XFB;
 133   1              return Data9;
 134   1      }
 135          
 136          /*****************************************************
 137          *函数名称：void UART0_ITConfig(FunctionalState NewState, PriorityStatus Priority)
 138          *函数功能：UART0中断初始化
 139          *入口参数：FunctionalState NewState     中断使能/关闭选择
 140                             PriorityStatus Priority      中断优先级选择
 141          *出口参数：void
 142          *****************************************************/
 143          void UART0_ITConfig(FunctionalState NewState, PriorityStatus Priority)
 144          {
 145   1              if(NewState == DISABLE)
 146   1          {
 147   2             EUART = 0;
 148   2          }
 149   1          else
 150   1          {
 151   2             EUART = 1;
 152   2          }
 153   1              //设置中断优先级
 154   1              if(Priority == LOW)
 155   1              {
 156   2                      IPUART = 0;
 157   2              }
 158   1              else
 159   1              {
 160   2                      IPUART = 1;
 161   2              }
 162   1      }
 163          
 164          /*****************************************************
 165          *函数名称：FlagStatus UART0_GetFlagStatus(UART0_Flag_Typedef UART0_Flag)
 166          *函数功能：获得UART0中断标志状态
 167          *入口参数：UART0_Flag   中断标志位选择
 168          *出口参数：FlagStatus           UART0中断标志状态       
 169          *****************************************************/
 170          FlagStatus UART0_GetFlagStatus(UART0_Flag_Typedef UART0_Flag)
 171          {
 172   1              return (FlagStatus)(SCON & UART0_Flag);
 173   1      }
 174          
 175          /*****************************************************
 176          *函数名称：void UART0_ClearFlag(UART0_Flag_Typedef UART0_Flag)
 177          *函数功能：清除UART0中断标志状态
 178          *入口参数：UART0_Flag   中断标志位选择
C51 COMPILER V9.01   SC95F_UART0                                                           09/07/2020 16:59:34 PAGE 4   

 179          *出口参数：void 
 180          *****************************************************/
 181          void UART0_ClearFlag(UART0_Flag_Typedef UART0_Flag)
 182          {
 183   1              SCON &= (~UART0_Flag);
 184   1      }
 185          
 186          /******************* (C) COPYRIGHT 2020 SinOne Microelectronics *****END OF FILE****/


MODULE INFORMATION:   STATIC OVERLAYABLE
   CODE SIZE        =    289    ----
   CONSTANT SIZE    =   ----    ----
   XDATA SIZE       =   ----    ----
   PDATA SIZE       =   ----    ----
   DATA SIZE        =   ----      11
   IDATA SIZE       =   ----    ----
   BIT SIZE         =   ----    ----
   EDATA SIZE       =   ----    ----
   HDATA SIZE       =   ----    ----
   XDATA CONST SIZE =   ----    ----
   FAR CONST SIZE   =   ----    ----
END OF MODULE INFORMATION.


C51 COMPILATION COMPLETE.  0 WARNING(S),  0 ERROR(S)
