C51 COMPILER V9.01   SC95F_TIMER2                                                          09/07/2020 16:59:34 PAGE 1   


C51 COMPILER V9.01, COMPILATION OF MODULE SC95F_TIMER2
OBJECT MODULE PLACED IN ..\Output\sc95f_timer2.obj
COMPILER INVOKED BY: E:\Keil\C51\BIN\C51.EXE ..\FWLib\SC95F_Lib\src\sc95f_timer2.c OMF2 BROWSE INCDIR(..\FWLib\SC95F_Lib
                    -\inc;..\User) DEFINE(SC95F8x2x) DEBUG PRINT(..\List\sc95f_timer2.lst) OBJECT(..\Output\sc95f_timer2.obj)

line level    source

   1          //************************************************************
   2          //  Copyright (c) 深圳市赛元微电子有限公司
   3          //      文件名称        : sc95f_timerx.c
   4          //      作者            : 
   5          //      模块功能        : TIMER2固件库函数C文件
   6          //      局部函数列表:
   7          //  最后更正日期: 2020/8/13
   8          //      版本            : V1.0 
   9          //  说明        ：该文件仅适用于SC95Fxx1x、SC95Fxx2x系列芯片 
  10          //*************************************************************
  11          
  12          #include "sc95f_timer2.h"
  13          
  14          /**************************************************
  15          *函数名称：void TIM2_DeInit(void)
  16          *函数功能：TIMER2
  17          *入口参数：void
  18          *出口参数：void
  19          **************************************************/
  20          void TIM2_DeInit()
  21          {
  22   1              TXINX = 0x02;    //TIMER2选择
  23   1              TXCON = 0X00;
  24   1              TXMOD = 0X00;
  25   1              RCAPXH = 0X00;
  26   1              RCAPXL = 0X00;
  27   1              THX = 0X00;
  28   1              TLX = 0X00;
  29   1              IE1 &= 0X3F;
  30   1              IP1 &= 0X3F;
  31   1              ET2 = 0;
  32   1              IPT2 = 0;
  33   1      }
  34          
  35          /**************************************************
  36          *函数名称：void TIM2_PrescalerSelection(TIM2_PresSel_TypeDef TIM2_PrescalerSelection)
  37          *函数功能：TIMER2 预分频选择
  38          *入口参数：TIM2_PrescalerSelection      预分频选择
  39          *出口参数：void
  40          **************************************************/
  41          void TIM2_PrescalerSelection(TIM2_PresSel_TypeDef TIM2_PrescalerSelection)
  42          {
  43   1              TXINX = 0x02;
  44   1              if(TIM2_PrescalerSelection == TIM2_PRESSEL_FSYS_D12)
  45   1              {
  46   2                      TXMOD &= 0X7F;
  47   2              }
  48   1              else if(TIM2_PrescalerSelection == TIM2_PRESSEL_FSYS_D1)
  49   1              {
  50   2                      TXMOD |= 0X80;
  51   2              }       
  52   1      }
  53          
  54          /**************************************************
C51 COMPILER V9.01   SC95F_TIMER2                                                          09/07/2020 16:59:34 PAGE 2   

  55          *函数名称：void TIM2_TimeBaseInit(TIM2_CountMode_TypeDef TIM2_CountMode, TIM2_CountDirection_TypeDef TIM2_
             -CountDirection)
  56          *函数功能：TIM2基本设置配置函数
  57          *入口参数：
  58                             TIM2_CountMode                       计数/定时模式选择
  59                             TIM2_CountDirection          计数方向选择
  60          *出口参数：void
  61          **************************************************/
  62          void TIM2_TimeBaseInit(TIM2_CountMode_TypeDef TIM2_CountMode, TIM2_CountDirection_TypeDef TIM2_CountDirect
             -ion)
  63          {       
  64   1              TXINX = 0x02;
  65   1              if(TIM2_CountMode == TIM2_MODE_TIMER)
  66   1              {
  67   2                      TXCON &= 0XFD;
  68   2              }
  69   1              else if(TIM2_CountMode == TIM2_MODE_COUNTER)
  70   1              {
  71   2                      TXCON |= 0X02;
  72   2              }
  73   1      /************************************************************/
  74   1              if(TIM2_CountDirection == TIM2_COUNTDIRECTION_UP)
  75   1              {
  76   2                      TXMOD &= 0XFE;
  77   2              }
  78   1              else if(TIM2_CountDirection == TIM2_COUNTDIRECTION_DOWN_UP)
  79   1              {
  80   2                      TXMOD |= 0X01;
  81   2              }                       
  82   1      }
  83          
  84          /**************************************************
  85          *函数名称：void TIM2_WorkMode0Config(uint16_t TIM2_SetCounter)
  86          *函数功能：TIMER2工作模式0配置函数
  87          *入口参数：uint16_t TIM2_SetCounter     配置计数初值
  88          *出口参数：void
  89          **************************************************/
  90          void TIM2_WorkMode0Config(uint16_t TIM2_SetCounter)
  91          {
  92   1              TXINX = 0x02;
  93   1      
  94   1              TLX = TIM2_SetCounter % 256;
  95   1              THX = TIM2_SetCounter / 256;    
  96   1      }
  97          
  98          /**************************************************
  99          *函数名称：void TIM2_WorkMode1Config(uint16_t TIM2_SetCounter)
 100          *函数功能：TIMER2工作模式1配置函数
 101          *入口参数：uint16_t TIM2_SetCounter     配置计数初值
 102          *出口参数：void
 103          **************************************************/
 104          void TIM2_WorkMode1Config(uint16_t TIM2_SetCounter)
 105          {       
 106   1              TXINX = 0x02;
 107   1              RCAPXL = TIM2_SetCounter % 256;
 108   1              RCAPXH = TIM2_SetCounter / 256;
 109   1      
 110   1              TLX = RCAPXL;
 111   1              THX = RCAPXH;
 112   1      }
 113          
 114          /**************************************************
C51 COMPILER V9.01   SC95F_TIMER2                                                          09/07/2020 16:59:34 PAGE 3   

 115          *函数名称：void TIM2_WorkMode3Config(uint16_t TIM2_SetCounter)
 116          *函数功能：TIMER2工作模式3配置函数
 117          *入口参数：uint16_t TIM2_SetCounter             配置计数初值
 118          *出口参数：void
 119          **************************************************/
 120          void TIM2_WorkMode3Config(uint16_t TIM2_SetCounter)
 121          {
 122   1              TXINX = 0x02;
 123   1              RCAPXL = TIM2_SetCounter % 256;
 124   1              RCAPXH = TIM2_SetCounter / 256;
 125   1              TXMOD |= 0X02;                  
 126   1      }
 127          /**************************************************
 128          *函数名称：void TIM2_WorkModeConfig(TIM2_WorkMode_TypeDef TIM2_WorkMode, uint16_t TIM2_SetCounter)
 129          *函数功能：TIMER2工作模式配置函数
 130          *入口参数：TIM2_WorkMode_TypeDef TIM2_WorkMode  TIMER2工作模式选择
 131                             uint16_t TIM2_SetCounter                     TIMER2计数初值配置      
 132          *出口参数：void
 133          **************************************************/
 134          void TIM2_WorkModeConfig(TIM2_WorkMode_TypeDef TIM2_WorkMode, uint16_t TIM2_SetCounter)
 135          {       
 136   1              switch (TIM2_WorkMode)
 137   1              {
 138   2                      case TIM2_WORK_MODE0:
 139   2                              TIM2_WorkMode0Config(TIM2_SetCounter);
 140   2                      break;
 141   2      
 142   2                      case TIM2_WORK_MODE1:
 143   2                              TIM2_WorkMode1Config(TIM2_SetCounter);
 144   2                      break;
 145   2      
 146   2                      case TIM2_WORK_MODE3:
 147   2                              TIM2_WorkMode3Config(TIM2_SetCounter);
 148   2                      break;
 149   2      
 150   2                      default:
 151   2                      break;
 152   2              }               
 153   1      }
 154          /*****************************************************
 155          *函数名称：void TIM2_SetEXEN2(FunctionalState NewState)
 156          *函数功能：TIMER2_EXEN2配置函数
 157          *入口参数：FunctionalState NewState             EXEN2使能选择
 158          *出口参数：void
 159          *****************************************************/
 160          void TIM2_SetEXEN2(FunctionalState NewState)
 161          {
 162   1              TXINX = 0x02;
 163   1              if (NewState == DISABLE)
 164   1          {
 165   2             EXENX = 0;
 166   2          }
 167   1          else
 168   1          {
 169   2             EXENX = 1;
 170   2          }
 171   1      }
 172          
 173          /*****************************************************
 174          *函数名称：void TIM2_Cmd(FunctionalState NewState)
 175          *函数功能：TIMER2功能开关函数
 176          *入口参数：NewState     功能启动/关闭选择
C51 COMPILER V9.01   SC95F_TIMER2                                                          09/07/2020 16:59:34 PAGE 4   

 177          *出口参数：void
 178          *****************************************************/
 179          void TIM2_Cmd(FunctionalState NewState)
 180          {
 181   1              TXINX = 0x02;
 182   1              if (NewState == DISABLE)
 183   1          {
 184   2             TRX = 0;
 185   2          }
 186   1          else
 187   1          {
 188   2             TRX = 1;
 189   2          }
 190   1      }
 191          
 192          /*****************************************************
 193          *函数名称：void TIM2_ITConfig(FunctionalState NewState, PriorityStatus Priority)
 194          *函数功能：TIMER2
 195          *入口参数：NewState     中断使能/关闭选择
 196                             Priority     中断优先级选择
 197          *出口参数：void
 198          *****************************************************/
 199          void TIM2_ITConfig(FunctionalState NewState, PriorityStatus Priority)
 200          {
 201   1              TXINX = 0x02;
 202   1              if(NewState == DISABLE)
 203   1              {
 204   2                      ET2 = 0;
 205   2              }
 206   1              else
 207   1              {
 208   2                      ET2 = 1;
 209   2              }
 210   1              if(Priority == LOW)
 211   1              {
 212   2                      IPT2 = 0;
 213   2              }
 214   1              else
 215   1              {
 216   2                      IPT2 = 1;
 217   2              }
 218   1      }
 219          
 220          /*****************************************************
 221          *函数名称：FlagStatus TIM2_GetFlagStatus(void)
 222          *函数功能：获得TIMER2中断标志状态
 223          *入口参数：TIM2_Flag            TIMER2标志选择
 224          *出口参数：FlagStatus       TIMER2中断标志状态  
 225          *****************************************************/
 226          FlagStatus TIM2_GetFlagStatus(TIM2_Flag_TypeDef TIM2_Flag)
 227          {       
 228   1              FlagStatus status = RESET;
 229   1              TXINX = 0x02;
 230   1              if((TIM2_Flag & TXCON) != (uint8_t)RESET)
 231   1              {
 232   2                      status = SET;                   
 233   2              }
 234   1              else
 235   1              {
 236   2                      status = RESET; 
 237   2              }
 238   1              return status;  
C51 COMPILER V9.01   SC95F_TIMER2                                                          09/07/2020 16:59:34 PAGE 5   

 239   1      }
 240          
 241          /*****************************************************
 242          *函数名称：void TIMX_ClearFlag(void)
 243          *函数功能：清除TIMER2中断标志状态
 244          *入口参数：TIM2_Flag   TIMER2标志选择
 245          *出口参数：void 
 246          *****************************************************/
 247          void TIM2_ClearFlag(TIM2_Flag_TypeDef TIM2_Flag)
 248          {
 249   1              TXINX = 0x02;
 250   1              TXCON &= (~TIM2_Flag);
 251   1      }
 252          
 253          /******************* (C) COPYRIGHT 2020 SinOne Microelectronics *****END OF FILE****/


MODULE INFORMATION:   STATIC OVERLAYABLE
   CODE SIZE        =    219    ----
   CONSTANT SIZE    =   ----    ----
   XDATA SIZE       =   ----    ----
   PDATA SIZE       =   ----    ----
   DATA SIZE        =   ----    ----
   IDATA SIZE       =   ----    ----
   BIT SIZE         =   ----    ----
   EDATA SIZE       =   ----    ----
   HDATA SIZE       =   ----    ----
   XDATA CONST SIZE =   ----    ----
   FAR CONST SIZE   =   ----    ----
END OF MODULE INFORMATION.


C51 COMPILATION COMPLETE.  0 WARNING(S),  0 ERROR(S)
