C51 COMPILER V9.01   SC95F_BTM                                                             09/07/2020 16:59:32 PAGE 1   


C51 COMPILER V9.01, COMPILATION OF MODULE SC95F_BTM
OBJECT MODULE PLACED IN ..\Output\sc95f_btm.obj
COMPILER INVOKED BY: E:\Keil\C51\BIN\C51.EXE ..\FWLib\SC95F_Lib\src\sc95f_btm.c OMF2 BROWSE INCDIR(..\FWLib\SC95F_Lib\in
                    -c;..\User) DEFINE(SC95F8x2x) DEBUG PRINT(..\List\sc95f_btm.lst) OBJECT(..\Output\sc95f_btm.obj)

line level    source

   1          //************************************************************
   2          //  Copyright (c) 深圳市赛元微电子有限公司
   3          //      文件名称        : sc95f_btm.c
   4          //      作者            : 
   5          //      模块功能        : BTM固件库函数C文件
   6          //      局部函数列表:
   7          //  最后更正日期: 2020/8/13
   8          //      版本            : V1.0 
   9          //  说明        ： 该文件仅适用于SC95Fxx1x、SC95Fxx2x系列芯片 
  10          //*************************************************************
  11          
  12          #include "sc95f_btm.h"
  13          
  14          /**************************************************
  15          *函数名称：void BTM_DeInit(void)
  16          *函数功能：BTM相关寄存器复位至缺省值
  17          *入口参数：void
  18          *出口参数：void
  19          **************************************************/
  20          void BTM_DeInit(void)
  21          {
  22   1              BTMCON = 0x00;  
  23   1      }
  24          
  25          /**************************************************
  26          *函数名称：void BTM_Init(BTM_Timebase_TypeDef BTM_Timebase)
  27          *函数功能：BTM初始化配置函数
  28          *入口参数：BTM_Timebase         BTM溢出时间选择
  29          *出口参数：void
  30          **************************************************/
  31          void BTM_Init(BTM_Timebase_TypeDef BTM_Timebase)
  32          {
  33   1              BTMCON = (BTMCON & 0xF0) | BTM_Timebase;
  34   1      }
  35          
  36          /*****************************************************
  37          *函数名称：void BTM_Cmd(FunctionalState NewState)
  38          *函数功能：BTM功能开关函数
  39          *入口参数：FunctionalState NewState     功能启动/关闭选择
  40          *出口参数：void
  41          *****************************************************/
  42          void BTM_Cmd(FunctionalState NewState)
  43          {
  44   1              if(NewState == DISABLE)
  45   1              {
  46   2                      BTMCON &= 0x7f; 
  47   2              }
  48   1              else
  49   1              {
  50   2                      BTMCON |= 0x80;
  51   2              }
  52   1      }
  53          
  54          /*****************************************************
C51 COMPILER V9.01   SC95F_BTM                                                             09/07/2020 16:59:32 PAGE 2   

  55          *函数名称：void BTM_ITConfig(FunctionalState NewState, PriorityStatus Priority)
  56          *函数功能：BTM中断初始化
  57          *入口参数：FunctionalState NewState     中断使能/关闭选择
  58                             PriorityStatus Priority      中断优先级选择
  59          *出口参数：void
  60          *****************************************************/
  61          void BTM_ITConfig(FunctionalState NewState, PriorityStatus Priority)
  62          {
  63   1              //中断使能设置
  64   1              if(NewState == DISABLE)
  65   1          {
  66   2             IE1 &= 0xfb;             
  67   2          }
  68   1          else
  69   1          {
  70   2             IE1 |= 0x04;             
  71   2          }
  72   1      
  73   1              //中断优先级设置
  74   1              if(Priority == LOW)
  75   1              {
  76   2                      IP1 &= 0xfb;    
  77   2              }
  78   1              else
  79   1              {
  80   2                      IP1 |= 0x04;    
  81   2              }       
  82   1      }
  83          
  84          /*****************************************************
  85          *函数名称：FlagStatus BTM_GetFlagStatus(void)
  86          *函数功能：获得BTM中断标志状态
  87          *入口参数：void
  88          *出口参数：FlagStatus   BTM中断标志状态 
  89          *****************************************************/
  90          FlagStatus BTM_GetFlagStatus(void)
  91          {
  92   1              return (FlagStatus)(BTMCON & 0x40);
  93   1      }
  94          
  95          /*****************************************************
  96          *函数名称：void BTM_ClearFlag(void)
  97          *函数功能：清除BTM中断标志状态
  98          *入口参数：void
  99          *出口参数：void 
 100          *****************************************************/
 101          void BTM_ClearFlag(void)
 102          {
 103   1              BTMCON &= 0xbf;
 104   1      }
 105          
 106          /******************* (C) COPYRIGHT 2020 SinOne Microelectronics *****END OF FILE****/


MODULE INFORMATION:   STATIC OVERLAYABLE
   CODE SIZE        =     55    ----
   CONSTANT SIZE    =   ----    ----
   XDATA SIZE       =   ----    ----
   PDATA SIZE       =   ----    ----
   DATA SIZE        =   ----    ----
   IDATA SIZE       =   ----    ----
   BIT SIZE         =   ----    ----
C51 COMPILER V9.01   SC95F_BTM                                                             09/07/2020 16:59:32 PAGE 3   

   EDATA SIZE       =   ----    ----
   HDATA SIZE       =   ----    ----
   XDATA CONST SIZE =   ----    ----
   FAR CONST SIZE   =   ----    ----
END OF MODULE INFORMATION.


C51 COMPILATION COMPLETE.  0 WARNING(S),  0 ERROR(S)
