C51 COMPILER V9.00   SC_INIT                                                               07/01/2021 08:32:26 PAGE 1   


C51 COMPILER V9.00, COMPILATION OF MODULE SC_INIT
OBJECT MODULE PLACED IN ..\Output\SC_Init.obj
COMPILER INVOKED BY: D:\Program Files (x86)\keil\C51\BIN\C51.EXE ..\User\SC_Init.c LARGE OMF2 BROWSE INCDIR(..\FWLib\SC9
                    -5F_Lib\inc;..\User) DEFINE(SC95F8x2x) DEBUG PRINT(..\List\SC_Init.lst) OBJECT(..\Output\SC_Init.obj)

line level    source

   1          //************************************************************
   2          //  Copyright (c) 深圳市赛元微电子有限公司
   3          //      文件名称        : SC_Init.c
   4          //      模块功能        : MCU初始化函数C文件
   5          //  说明        :  
   6          //*************************************************************
   7          
   8          #include "SC_Init.h"    //MCU初始化头文件，包含固件库所有头文件
   9          #include "..\Drivers\SCDriver_list.h"
  10          #include "HeadFiles\CustomType.h"
  11          #include "HeadFiles\UserExport.h"
  12          #include "HeadFiles\FunctionType.h"
  13          #include "HeadFiles\CompCtrlDefine.h"
  14          /*****************************************************
  15          *函数名称: SC_Init
  16          *函数功能: MCU初始化函数
  17          *入口参数：void
  18          *出口参数：void
  19          *****************************************************/
  20          void SC_Init(void)
  21          {
  22   1              /*write initial function here*/ 
  23   1              EA = 1; 
  24   1      }
  25          
  26          /*****************************************************
  27          *函数名称: SC_OPTION_Init
  28          *函数功能: OPTION配置初始化函数
  29          *入口参数：void
  30          *出口参数：void
  31          *****************************************************/
  32          void SC_OPTION_Init(void)
  33          {
  34   1              /*OPTION_Init write here*/              
  35   1      }
  36          
  37          /*****************************************************
  38          *函数名称: SC_GPIO_Init
  39          *函数功能: GPIO初始化函数
  40          *入口参数：void
  41          *出口参数：void
  42          *****************************************************/
  43          void SC_GPIO_Init(void)
  44          {
  45   1              /*GPIO_Init write here*/                
  46   1      }
  47          
  48          /*****************************************************
  49          *函数名称: SC_UART0_Init
  50          *函数功能: UART0初始化函数
  51          *入口参数：void
  52          *出口参数：void
  53          *****************************************************/
  54          void SC_UART0_Init(void)
C51 COMPILER V9.00   SC_INIT                                                               07/01/2021 08:32:26 PAGE 2   

  55          {
  56   1              /*UART0_Init write here*/               
  57   1      }
  58          
  59          /*****************************************************
  60          *函数名称: SC_TIM0_Init
  61          *函数功能: TIMER0初始化函数
  62          *入口参数：void
  63          *出口参数：void 
  64          *****************************************************/
  65          void SC_TIM0_Init(void)
  66          {
  67   1              /*TIM0_Init write here*/                
  68   1      }
  69          
  70          /*****************************************************
  71          *函数名称: SC_TIM1_Init
  72          *函数功能: TIMER1初始化函数
  73          *入口参数：void
  74          *出口参数：void
  75          *****************************************************/
  76          void SC_TIM1_Init(void)
  77          {
  78   1              /*TIM1_Init write here*/        
  79   1      }
  80          
  81          /*****************************************************
  82          *函数名称: SC_TIM2_Init
  83          *函数功能: TIMER2初始化函数
  84          *入口参数：void
  85          *出口参数：void
  86          *****************************************************/
  87          void SC_TIM2_Init(void)
  88          {
  89   1              /*TIM2_Init write here*/        
  90   1      }
  91          /*****************************************************
  92          *函数名称: SC_TIM3_Init
  93          *函数功能: TIMER3初始化函数
  94          *入口参数：void
  95          *出口参数：void
  96          *****************************************************/
  97          void SC_TIM3_Init(void)
  98          {
  99   1              /*TIM3_Init write here*/        
 100   1      }
 101          /*****************************************************
 102          *函数名称: SC_TIM4_Init
 103          *函数功能: TIMER4初始化函数
 104          *入口参数：void
 105          *出口参数：void
 106          *****************************************************/
 107          void SC_TIM4_Init(void)
 108          {
 109   1              /*TIM4_Init write here*/        
 110   1      }
 111          /*****************************************************
 112          *函数名称: SC_PWM_Init
 113          *函数功能: PWM初始化函数
 114          *入口参数：void
 115          *出口参数：void 
 116          *****************************************************/
C51 COMPILER V9.00   SC_INIT                                                               07/01/2021 08:32:26 PAGE 3   

 117          void SC_PWM_Init(void)
 118          {
 119   1              /*PWM_Init write here*/ 
 120   1      }
 121          /*****************************************************
 122          *函数名称: SC_PWM0_Init
 123          *函数功能: PWM0初始化函数
 124          *入口参数：void
 125          *出口参数：void 
 126          *****************************************************/
 127          void SC_PWM0_Init(void)
 128          {
 129   1              /*PWM0_Init write here*/        
 130   1      }
 131          /*****************************************************
 132          *函数名称: SC_PWM1_Init
 133          *函数功能: PWM1初始化函数
 134          *入口参数：void
 135          *出口参数：void 
 136          *****************************************************/
 137          void SC_PWM1_Init(void)
 138          {
 139   1              /*PWM1_Init write here*/        
 140   1      }
 141          /*****************************************************
 142          *函数名称: SC_PWM2_Init
 143          *函数功能: PWM1初始化函数
 144          *入口参数：void
 145          *出口参数：void 
 146          *****************************************************/
 147          void SC_PWM2_Init(void)
 148          {
 149   1              /*PWM2_Init write here*/        
 150   1      }
 151          /*****************************************************
 152          *函数名称: SC_PWM3_Init
 153          *函数功能: PWM1初始化函数
 154          *入口参数：void
 155          *出口参数：void 
 156          *****************************************************/
 157          void SC_PWM3_Init(void)
 158          {
 159   1              /*PWM3_Init write here*/        
 160   1      }
 161          /*****************************************************
 162          *函数名称: SC_PWM4_Init
 163          *函数功能: PWM1初始化函数
 164          *入口参数：void
 165          *出口参数：void 
 166          *****************************************************/
 167          void SC_PWM4_Init(void)
 168          {
 169   1              /*PWM4_Init write here*/        
 170   1      }
 171          /*****************************************************
 172          *函数名称: SC_INT_Init
 173          *函数功能: INT初始化函数
 174          *入口参数：void
 175          *出口参数：void
 176          *****************************************************/
 177          void SC_INT_Init(void)
 178          {
C51 COMPILER V9.00   SC_INIT                                                               07/01/2021 08:32:26 PAGE 4   

 179   1              /*INT_Init write here*/ 
 180   1      }
 181          
 182          /*****************************************************
 183          *函数名称: SC_ADC_Init
 184          *函数功能: ADC初始化函数
 185          *入口参数：void
 186          *出口参数：void 
 187          *****************************************************/
 188          void SC_ADC_Init(void)
 189          {
 190   1              /*ADC_Init write here*/
 191   1      }
 192          
 193          /*****************************************************
 194          *函数名称: SC_IAP_Init
 195          *函数功能: IAP初始化函数
 196          *入口参数：void
 197          *出口参数：void 
 198          *****************************************************/
 199          void SC_IAP_Init(void)
 200          {
 201   1              /*IAP_Init write here*/         
 202   1      }
 203          
 204          /*****************************************************
 205          *函数名称: SC_USCI0_Init
 206          *函数功能: USCI0初始化函数
 207          *入口参数：void
 208          *出口参数：void
 209          *****************************************************/
 210          void SC_USCI0_Init(void)
 211          {
 212   1              /*USCI0_Init write here*/               
 213   1      }
 214          /*****************************************************
 215          *函数名称: SC_USCI1_Init
 216          *函数功能: USCI1初始化函数
 217          *入口参数：void
 218          *出口参数：void
 219          *****************************************************/
 220          void SC_USCI1_Init(void)
 221          {
 222   1              /*USCI1_Init write here*/               
 223   1      }
 224          /*****************************************************
 225          *函数名称: SC_USCI2_Init
 226          *函数功能: USCI2初始化函数
 227          *入口参数：void
 228          *出口参数：void
 229          *****************************************************/
 230          void SC_USCI2_Init(void)
 231          {
 232   1              /*USCI2_Init write here*/               
 233   1      }
 234          /*****************************************************
 235          *函数名称: SC_USCI3_Init
 236          *函数功能: USCI3初始化函数
 237          *入口参数：void
 238          *出口参数：void
 239          *****************************************************/
 240          void SC_USCI3_Init(void)
C51 COMPILER V9.00   SC_INIT                                                               07/01/2021 08:32:26 PAGE 5   

 241          {
 242   1              /*USCI3_Init write here*/               
 243   1      }
 244          /*****************************************************
 245          *函数名称: SC_USCI4_Init
 246          *函数功能: USCI4初始化函数
 247          *入口参数：void
 248          *出口参数：void
 249          *****************************************************/
 250          void SC_USCI4_Init(void)
 251          {
 252   1              /*USCI4_Init write here*/               
 253   1      }
 254          /*****************************************************
 255          *函数名称: SC_BTM_Init
 256          *函数功能: 低频时钟定时器初始化函数
 257          *入口参数：void
 258          *出口参数：void 
 259          *****************************************************/
 260          void SC_BTM_Init(void)
 261          {
 262   1              /*BTM_Init write here*/         
 263   1      }
 264          
 265          /*****************************************************
 266          *函数名称: SC_CRC_Init
 267          *函数功能: check sum 初始化函数
 268          *入口参数：void
 269          *出口参数：void
 270          *****************************************************/
 271          void SC_CRC_Init(void)
 272          {
 273   1              /*CRC_Init write here*/ 
 274   1      }
 275          
 276          /*****************************************************
 277          *函数名称: SC_WDT_Init
 278          *函数功能: 看门狗初始化函数
 279          *入口参数：void
 280          *出口参数：void 
 281          *****************************************************/
 282          void SC_WDT_Init(void)
 283          {
 284   1              /*WDT_Init write here*/         
 285   1      }
 286          
 287          /*****************************************************
 288          *函数名称: SC_PWR_Init
 289          *函数功能: 电源/功耗控制初始化函数
 290          *入口参数：void
 291          *出口参数：void 
 292          *****************************************************/
 293          void SC_PWR_Init(void)
 294          {
 295   1              /*PWR_Init write here*/         
 296   1      }
 297          /*****************************************************
 298          *函数名称: SC_DDIC_Init
 299          *函数功能: 显示控制初始化函数
 300          *入口参数：void
 301          *出口参数：void 
 302          *****************************************************/
C51 COMPILER V9.00   SC_INIT                                                               07/01/2021 08:32:26 PAGE 6   

 303          void SC_DDIC_Init(void)
 304          {
 305   1              /*DDIC_Init write here*/        
 306   1      }
 307          /*****************************************************
 308          *函数名称: SC_ACMP_Init
 309          *函数功能: 运放初始化函数
 310          *入口参数：void
 311          *出口参数：void 
 312          *****************************************************/
 313          void SC_ACMP_Init(void)
 314          {
 315   1              /*ACMP_Init write here*/        
 316   1      }
 317          /*****************************************************
 318          *函数名称: SC_MDU_Init
 319          *函数功能: 乘除法器初始化函数
 320          *入口参数：void
 321          *出口参数：void 
 322          *****************************************************/
 323          void SC_MDU_Init(void)
 324          {
 325   1              /*MDU_Init write here*/ 
 326   1      }


MODULE INFORMATION:   STATIC OVERLAYABLE
   CODE SIZE        =     32    ----
   CONSTANT SIZE    =   ----    ----
   XDATA SIZE       =   ----    ----
   PDATA SIZE       =   ----    ----
   DATA SIZE        =   ----    ----
   IDATA SIZE       =   ----    ----
   BIT SIZE         =   ----    ----
   EDATA SIZE       =   ----    ----
   HDATA SIZE       =   ----    ----
   XDATA CONST SIZE =   ----    ----
   FAR CONST SIZE   =   ----    ----
END OF MODULE INFORMATION.


C51 COMPILATION COMPLETE.  0 WARNING(S),  0 ERROR(S)
