C51 COMPILER V9.00   SYSFUNVARDEFINE                                                       07/01/2021 08:32:27 PAGE 1   


C51 COMPILER V9.00, COMPILATION OF MODULE SYSFUNVARDEFINE
OBJECT MODULE PLACED IN ..\Output\SysFunVarDefine.obj
COMPILER INVOKED BY: D:\Program Files (x86)\keil\C51\BIN\C51.EXE ..\User\SysFunVarDefine.c LARGE OMF2 BROWSE INCDIR(..\F
                    -WLib\SC95F_Lib\inc;..\User) DEFINE(SC95F8x2x) DEBUG PRINT(..\List\SysFunVarDefine.lst) OBJECT(..\Output\SysFunVarDefine.
                    -obj)

line level    source

   1          //**********************************************************************
   2          //    CopyRight  (c)  Shenzhen Saiyuan Microelectronics Co., Ltd
   3          //    File Name   :   SysFunVarDefine.c
   4          //    Function    :   Store var control and function control define
   5          //    Version     :   V2.0
   6          //    Date        :   2021.04.08
   7          //**********************************************************************
   8          #include "SC_Init.h"
   9          #include "SC_it.h"
  10          #include "..\Drivers\SCDriver_list.h"
  11          #include "HeadFiles\SysFunVarDefine.h"
  12          /********************Includes************************************************************************/


MODULE INFORMATION:   STATIC OVERLAYABLE
   CODE SIZE        =   ----    ----
   CONSTANT SIZE    =   ----    ----
   XDATA SIZE       =   ----    ----
   PDATA SIZE       =   ----    ----
   DATA SIZE        =   ----    ----
   IDATA SIZE       =   ----    ----
   BIT SIZE         =   ----    ----
   EDATA SIZE       =   ----    ----
   HDATA SIZE       =   ----    ----
   XDATA CONST SIZE =   ----    ----
   FAR CONST SIZE   =   ----    ----
END OF MODULE INFORMATION.


C51 COMPILATION COMPLETE.  0 WARNING(S),  0 ERROR(S)
